<?xml version="1.0" encoding="UTF-8" ?>
<testsuites errors="1"
            failures="1"
            tests="2">

  <testsuite name="test-user-journeys"
    errors="1" failures="1" hostname="" id="" package="test-user-journeys" skipped="0"
    tests="2" time="13.19" timestamp="">
  
    <testcase name="user can start a quiz" classname="test-user-journeys" time="1.035" assertions="12">

    

    

    

    

    

    

    

    

    

    

    

    
    </testcase>
  
    <testcase name="user can select a random question and answer it" classname="test-user-journeys" time="12.15" assertions="10">

    

    

    

    

    

    

    

    

      <failure message="Testing if element &lt;.answer&gt; is present in 5000ms - expected &#34;is present&#34; but got: &#34;not present&#34; (5152ms)">    at Object.user can select a random question and answer it (/Users/ming-li/Documents/Raphael/Projects/know-your-planet/frontend/tests/e2e/specs/test-user-journeys.js:53:15)
    at processTicksAndRejections (internal/process/task_queues.js:97:5)</failure>

    
    <error message="Error while running &#34;elementPresent&#34; command: Testing if element [0;33m&lt;.answer&gt;[0m is present in 5000ms - expected [0;32m&#34;is present&#34;[0m but got: [0;31m&#34;not present&#34;[0m [0;90m(5152ms)[0m" type="error"><![CDATA[
        at Object.user can select a random question and answer it (/Users/ming-li/Documents/Raphael/Projects/know-your-planet/frontend/tests/e2e/specs/test-user-journeys.js:53:15)
    at processTicksAndRejections (internal/process/task_queues.js:97:5)
    ]]></error>
    
    </testcase>
  

  
    <system-err>
        NoSuchElementError: An error occurred while running .click() command on &lt;(//input[@type=&#34;radio&#34;])[5]&gt;: 
   {&#34;sessionId&#34;:&#34;6fc6035df99e5d6b68257ca45c0cf013&#34;,&#34;status&#34;:0,&#34;value&#34;:[]}
       at processTicksAndRejections (internal/process/task_queues.js:97:5)
    </system-err>
  

    

  
  </testsuite>
</testsuites>
